Transforming to a real-valued problem.
Dualizing the problem.
Building a CVXOPT problem instance.
===================================
        PICOS 1.2.0.post32         
===================================
Building a MOSEK (Optimizer) problem instance.
Solving the problem via MOSEK (Optimizer).
-----------------------------------
      MOSEK via Optimizer API      
-----------------------------------
Problem
  Name                   :                 
  Objective sense        : max             
  Type                   : CONIC (conic optimization problem)
  Constraints            : 336             
  Cones                  : 0               
  Scalar variables       : 289             
  Matrix variables       : 24              
  Integer variables      : 0               

Optimizer started.
Presolve started.
Linear dependency checker started.
Linear dependency checker terminated.
Eliminator started.
Freed constraints in eliminator : 96
Eliminator terminated.
Eliminator started.
Freed constraints in eliminator : 0
Eliminator terminated.
Eliminator - tries                  : 2                 time                   : 0.00            
Lin. dep.  - tries                  : 1                 time                   : 0.00            
Lin. dep.  - number                 : 0               
Presolve terminated. Time: 0.00    
Problem
  Name                   :                 
  Objective sense        : max             
  Type                   : CONIC (conic optimization problem)
  Constraints            : 336             
  Cones                  : 0               
  Scalar variables       : 289             
  Matrix variables       : 24              
  Integer variables      : 0               

Optimizer  - threads                : 8               
Optimizer  - solved problem         : the primal      
Optimizer  - Constraints            : 240
Optimizer  - Cones                  : 1
Optimizer  - Scalar variables       : 170               conic                  : 170             
Optimizer  - Semi-definite variables: 24                scalarized             : 240             
Factor     - setup time             : 0.00              dense det. time        : 0.00            
Factor     - ML order time          : 0.00              GP order time          : 0.00            
Factor     - nonzeros before factor : 3568              after factor           : 3716            
Factor     - dense dim.             : 2                 flops                  : 1.24e+05        
ITE PFEAS    DFEAS    GFEAS    PRSTATUS   POBJ              DOBJ              MU       TIME  
0   1.1e+00  5.1e+00  1.0e+00  0.00e+00   0.000000000e+00   0.000000000e+00   1.0e+00  0.01  
1   5.0e-01  2.2e+00  2.7e-01  1.89e+00   -1.109894159e+00  -1.172159769e+00  4.3e-01  0.01  
2   7.3e-02  3.3e-01  1.7e-02  1.38e+00   -1.626577057e+00  -1.654215400e+00  6.4e-02  0.01  
3   7.4e-03  3.3e-02  6.4e-04  8.89e-01   -2.058587749e+00  -2.063906378e+00  6.5e-03  0.01  
4   7.1e-04  3.2e-03  2.2e-05  8.46e-01   -2.084542286e+00  -2.085327998e+00  6.2e-04  0.01  
5   1.6e-05  7.3e-05  7.6e-08  9.64e-01   -2.087620440e+00  -2.087637645e+00  1.4e-05  0.01  
6   2.5e-07  1.1e-06  1.4e-10  1.00e+00   -2.087722979e+00  -2.087723223e+00  2.2e-07  0.02  
7   2.6e-08  1.2e-07  4.7e-12  1.00e+00   -2.087724788e+00  -2.087724813e+00  2.3e-08  0.02  
Optimizer terminated. Time: 0.02    

-------[ MOSEK (Optimizer) ]-------
Solution is optimal after 2.5e-02s.
=============[ PICOS ]=============
ProblemStatus.PrimalAndDualFeasible
[-4.43368808e-21 -4.97631857e-21 -4.55280209e-21 -4.92337901e-21
  1.17790519e-21 -8.89384595e-21 -0.00000000e+00  4.23516474e-22
  6.88214270e-22 -0.00000000e+00  2.96461532e-21 -0.00000000e+00
  1.77347523e-21 -0.00000000e+00  3.17637355e-22 -0.00000000e+00
 -0.00000000e+00 -3.17637355e-22 -0.00000000e+00  4.23516474e-22
 -0.00000000e+00  4.10281584e-21 -4.55280209e-21 -4.34104385e-21
 -6.61744490e-23 -0.00000000e+00  4.55280209e-21 -0.00000000e+00
  3.97046694e-21 -0.00000000e+00 -1.21760986e-21 -0.00000000e+00
 -0.00000000e+00 -1.15805286e-22 -0.00000000e+00 -5.02925812e-21
 -0.00000000e+00 -4.16237284e-21 -0.00000000e+00 -1.34995876e-21
 -0.00000000e+00 -5.55865372e-22  4.42045319e-21  4.06311117e-21
 -1.74700545e-21 -6.88214270e-22  6.35274710e-22  4.49986253e-22
  4.49986253e-22 -0.00000000e+00 -1.85288457e-22 -0.00000000e+00
 -6.48509600e-22 -0.00000000e+00 -6.61744490e-22 -0.00000000e+00
 -0.00000000e+00 -9.26442286e-22 -0.00000000e+00 -1.12496563e-21
 -0.00000000e+00 -1.17790519e-21 -0.00000000e+00  3.44107135e-22
 -0.00000000e+00  9.26442286e-22 -8.20563168e-22  5.61159328e-21
  2.91167576e-21  1.45583788e-21  1.37642854e-21  8.47032947e-22
  9.52912066e-22 -0.00000000e+00  1.01908651e-21 -0.00000000e+00
  6.48509600e-22 -0.00000000e+00  3.44107135e-22  1.00585162e-21
 -0.00000000e+00 -1.05879118e-21 -0.00000000e+00  1.45583788e-22
 -0.00000000e+00  1.74700545e-21 -0.00000000e+00 -4.20207751e-22
 -0.00000000e+00  4.36751363e-22 -2.11758237e-22 -1.05879118e-21
 -1.48230766e-21 -1.32348898e-21 -0.00000000e+00 -5.95570041e-23
  7.87475943e-22 -0.00000000e+00  1.34995876e-21 -0.00000000e+00
 -3.46754113e-21 -0.00000000e+00 -2.77932686e-22 -0.00000000e+00
 -0.00000000e+00 -7.14684049e-22 -0.00000000e+00 -6.93508226e-21
 -0.00000000e+00 -3.93737972e-21 -0.00000000e+00 -2.64697796e-23
 -0.00000000e+00 -5.95570041e-23  8.15269212e-21  5.39983504e-21
  4.35427874e-21  1.01643954e-20 -8.47032947e-22  1.05879118e-21
  3.91752738e-21 -0.00000000e+00  9.13207396e-22 -0.00000000e+00
  9.66146955e-22 -0.00000000e+00 -6.51156578e-21 -0.00000000e+00
 -0.00000000e+00  7.54388719e-22 -0.00000000e+00  1.05879118e-22
 -0.00000000e+00  1.74700545e-21 -0.00000000e+00 -2.56756862e-21
 -0.00000000e+00  1.29701920e-21  1.56171700e-21  1.29701920e-21
  3.97046694e-23  6.61744490e-22  5.18807680e-21  2.54109884e-21]
[-0.]
